<?xml version="1.0" encoding="UTF-8"?>
<!-- Generated by org.testng.reporters.JUnitXMLReporter -->
<testsuite hostname="MSDT057" ignored="0" name=".org.eclipse.egit.core.cmp" tests="4" failures="0" timestamp="2022-02-01T17:39:31 IST" time="46.028" errors="0">
  <testcase name="Check_Login" time="10.293" classname="DataProvider_Excel.DataProvide"/>
  <testcase name="Check_Login" time="10.035" classname="DataProvider_Excel.DataProvide"/>
  <testcase name="Check_Login" time="10.281" classname="DataProvider_Excel.DataProvide"/>
  <testcase name="Check_Login" time="14.898" classname="DataProvider_Excel.DataProvide"/>
</testsuite> <!-- .org.eclipse.egit.core.cmp -->
