<?xml version="1.0" encoding="UTF-8"?>
<!-- Generated by org.testng.reporters.JUnitXMLReporter -->
<testsuite ignored="3" hostname="MSDT057" failures="0" tests="3" name="Test" time="8.508" errors="0" timestamp="2022-01-31T19:13:57 IST">
  <testcase classname="TestNG.LoginTest" name="Login" time="6.996"/>
  <testcase classname="TestNG.HomePageTest" name="VerifyPage" time="0.009"/>
  <testcase classname="TestNG.HomePageTest" name="Logout" time="1.471"/>
  <testcase classname="TestNG.DriverDemo" name="@BeforeSuite LaunchBrowser" time="0.0">
    <ignored/>
  </testcase> <!-- @BeforeSuite LaunchBrowser -->
  <testcase classname="TestNG.LoginTest" name="forgetpass" time="0.0">
    <ignored/>
  </testcase> <!-- forgetpass -->
  <testcase classname="TestNG.DriverDemo" name="@AfterSuite Close_Browser" time="0.0">
    <ignored/>
  </testcase> <!-- @AfterSuite Close_Browser -->
</testsuite> <!-- Test -->
