<?xml version="1.0" encoding="UTF-8"?>
<testng-results ignored="0" total="2" passed="2" failed="0" skipped="0">
  <reporter-output>
  </reporter-output>
  <suite started-at="2022-01-31T19:58:42 IST" name="Default suite" finished-at="2022-01-31T19:58:43 IST" duration-ms="48">
    <groups>
    </groups>
    <test started-at="2022-01-31T19:58:42 IST" name="Default test" finished-at="2022-01-31T19:58:43 IST" duration-ms="48">
      <class name="TestNG.DemoTest">
        <test-method is-config="true" signature="beforeSuite()[pri:0, instance:TestNG.DemoTest@5e600dd5]" started-at="2022-01-31T19:58:42 IST" name="beforeSuite" finished-at="2022-01-31T19:58:42 IST" duration-ms="10" status="PASS">
          <reporter-output>
          </reporter-output>
        </test-method> <!-- beforeSuite -->
        <test-method is-config="true" signature="beforeTest()[pri:0, instance:TestNG.DemoTest@5e600dd5]" started-at="2022-01-31T19:58:42 IST" name="beforeTest" finished-at="2022-01-31T19:58:42 IST" duration-ms="1" status="PASS">
          <reporter-output>
          </reporter-output>
        </test-method> <!-- beforeTest -->
        <test-method is-config="true" signature="beforeClass()[pri:0, instance:TestNG.DemoTest@5e600dd5]" started-at="2022-01-31T19:58:42 IST" name="beforeClass" finished-at="2022-01-31T19:58:42 IST" duration-ms="0" status="PASS">
          <reporter-output>
          </reporter-output>
        </test-method> <!-- beforeClass -->
        <test-method is-config="true" signature="beforeMethod()[pri:0, instance:TestNG.DemoTest@5e600dd5]" started-at="2022-01-31T19:58:42 IST" name="beforeMethod" finished-at="2022-01-31T19:58:42 IST" duration-ms="0" status="PASS">
          <reporter-output>
          </reporter-output>
        </test-method> <!-- beforeMethod -->
        <test-method signature="CustomerDestails()[pri:0, instance:TestNG.DemoTest@5e600dd5]" started-at="2022-01-31T19:58:42 IST" name="CustomerDestails" finished-at="2022-01-31T19:58:42 IST" duration-ms="5" status="PASS">
          <reporter-output>
          </reporter-output>
        </test-method> <!-- CustomerDestails -->
        <test-method is-config="true" signature="afterMethod()[pri:0, instance:TestNG.DemoTest@5e600dd5]" started-at="2022-01-31T19:58:43 IST" name="afterMethod" finished-at="2022-01-31T19:58:43 IST" duration-ms="1" status="PASS">
          <reporter-output>
          </reporter-output>
        </test-method> <!-- afterMethod -->
        <test-method signature="Login()[pri:1, instance:TestNG.DemoTest@5e600dd5]" started-at="2022-01-31T19:58:43 IST" name="Login" finished-at="2022-01-31T19:58:43 IST" duration-ms="1" status="PASS">
          <reporter-output>
          </reporter-output>
        </test-method> <!-- Login -->
        <test-method is-config="true" signature="beforeMethod()[pri:0, instance:TestNG.DemoTest@5e600dd5]" started-at="2022-01-31T19:58:43 IST" name="beforeMethod" finished-at="2022-01-31T19:58:43 IST" duration-ms="0" status="PASS">
          <reporter-output>
          </reporter-output>
        </test-method> <!-- beforeMethod -->
        <test-method is-config="true" signature="afterMethod()[pri:0, instance:TestNG.DemoTest@5e600dd5]" started-at="2022-01-31T19:58:43 IST" name="afterMethod" finished-at="2022-01-31T19:58:43 IST" duration-ms="1" status="PASS">
          <reporter-output>
          </reporter-output>
        </test-method> <!-- afterMethod -->
        <test-method is-config="true" signature="afterClass()[pri:0, instance:TestNG.DemoTest@5e600dd5]" started-at="2022-01-31T19:58:43 IST" name="afterClass" finished-at="2022-01-31T19:58:43 IST" duration-ms="1" status="PASS">
          <reporter-output>
          </reporter-output>
        </test-method> <!-- afterClass -->
        <test-method is-config="true" signature="afterTest()[pri:0, instance:TestNG.DemoTest@5e600dd5]" started-at="2022-01-31T19:58:43 IST" name="afterTest" finished-at="2022-01-31T19:58:43 IST" duration-ms="0" status="PASS">
          <reporter-output>
          </reporter-output>
        </test-method> <!-- afterTest -->
        <test-method is-config="true" signature="afterSuite()[pri:0, instance:TestNG.DemoTest@5e600dd5]" started-at="2022-01-31T19:58:43 IST" name="afterSuite" finished-at="2022-01-31T19:58:43 IST" duration-ms="1" status="PASS">
          <reporter-output>
          </reporter-output>
        </test-method> <!-- afterSuite -->
      </class> <!-- TestNG.DemoTest -->
    </test> <!-- Default test -->
  </suite> <!-- Default suite -->
</testng-results>
